{"level":"info","message":"MongoDB connected","timestamp":"2025-05-11T18:28:11.334Z"}
{"level":"info","message":"Server running at http://localhost:8080","timestamp":"2025-05-11T18:28:11.340Z"}
{"level":"info","message":"SIGTERM received. Shutting down gracefully...","timestamp":"2025-05-11T18:28:34.031Z"}
{"level":"info","message":"Process terminated","timestamp":"2025-05-11T18:28:34.031Z"}
{"level":"info","message":"MongoDB connection closed","timestamp":"2025-05-11T18:28:34.036Z"}
{"level":"info","message":"MongoDB connected","timestamp":"2025-05-11T18:28:35.644Z"}
{"level":"info","message":"Server running at http://localhost:8080","timestamp":"2025-05-11T18:28:35.653Z"}
{"level":"info","message":"SIGTERM received. Shutting down gracefully...","timestamp":"2025-05-11T18:29:47.495Z"}
{"level":"info","message":"Process terminated","timestamp":"2025-05-11T18:29:47.496Z"}
{"level":"info","message":"MongoDB connected","timestamp":"2025-05-11T18:29:49.870Z"}
{"level":"info","message":"Server running at http://localhost:8080","timestamp":"2025-05-11T18:29:49.878Z"}
{"level":"info","message":"SIGTERM received. Shutting down gracefully...","timestamp":"2025-05-11T18:29:55.995Z"}
{"level":"info","message":"Process terminated","timestamp":"2025-05-11T18:29:55.996Z"}
{"level":"info","message":"MongoDB connection closed","timestamp":"2025-05-11T18:29:56.004Z"}
{"level":"info","message":"MongoDB connected","timestamp":"2025-05-11T18:29:57.355Z"}
{"level":"info","message":"Server running at http://localhost:8080","timestamp":"2025-05-11T18:29:57.362Z"}
{"level":"info","message":"SIGTERM received. Shutting down gracefully...","timestamp":"2025-05-11T18:30:17.557Z"}
{"level":"info","message":"Process terminated","timestamp":"2025-05-11T18:30:17.558Z"}
{"level":"info","message":"MongoDB connection closed","timestamp":"2025-05-11T18:30:17.564Z"}
{"level":"info","message":"MongoDB connected","timestamp":"2025-05-11T18:30:19.521Z"}
{"level":"info","message":"Server running at http://localhost:8080","timestamp":"2025-05-11T18:30:19.528Z"}
{"level":"info","message":"SIGTERM received. Shutting down gracefully...","timestamp":"2025-05-11T18:30:19.592Z"}
{"level":"info","message":"Process terminated","timestamp":"2025-05-11T18:30:19.594Z"}
{"level":"info","message":"MongoDB connection closed","timestamp":"2025-05-11T18:30:19.605Z"}
{"level":"info","message":"MongoDB connected","timestamp":"2025-05-11T18:30:20.924Z"}
{"level":"info","message":"Server running at http://localhost:8080","timestamp":"2025-05-11T18:30:20.931Z"}
{"level":"info","message":"SIGTERM received. Shutting down gracefully...","timestamp":"2025-05-11T18:30:52.924Z"}
{"level":"info","message":"Process terminated","timestamp":"2025-05-11T18:30:52.926Z"}
{"level":"info","message":"MongoDB connected","timestamp":"2025-05-11T18:30:54.322Z"}
{"level":"info","message":"Server running at http://localhost:8080","timestamp":"2025-05-11T18:30:54.329Z"}
